mode: set
rpcsol/main.go:18.13,29.16 5 0
rpcsol/main.go:29.16,31.3 1 0
rpcsol/main.go:32.2,40.16 6 0
rpcsol/main.go:40.16,42.3 1 0
rpcsol/main.go:45.2,47.9 3 0
rpcsol/main.go:47.9,49.3 1 0
rpcsol/main.go:50.2,57.16 6 0
rpcsol/main.go:57.16,59.3 1 0
rpcsol/main.go:60.2,66.16 5 0
rpcsol/main.go:66.16,68.3 1 0
rpcsol/main.go:69.2,73.16 3 0
rpcsol/main.go:73.16,75.3 1 0
rpcsol/main.go:76.2,80.21 3 0
rpcsol/main.go:80.21,83.17 3 0
rpcsol/main.go:83.17,85.4 1 0
rpcsol/main.go:86.3,89.16 4 0
rpcsol/main.go:93.2,100.16 5 0
rpcsol/main.go:100.16,102.3 1 0
rpcsol/main.go:105.2,106.16 2 0
rpcsol/main.go:106.16,108.3 1 0
rpcsol/main.go:111.2,122.16 3 0
rpcsol/main.go:122.16,124.3 1 0
rpcsol/main.go:127.2,128.16 2 0
rpcsol/main.go:128.16,130.3 1 0
rpcsol/main.go:132.2,142.16 9 0
rpcsol/main.go:142.16,144.3 1 0
rpcsol/main.go:144.8,149.3 4 0
rpcsol/main.go:152.2,154.16 3 0
rpcsol/main.go:154.16,156.3 1 0
rpcsol/main.go:156.8,158.3 1 0
rpcsol/main.go:160.2,161.16 2 0
rpcsol/main.go:161.16,163.3 1 0
rpcsol/main.go:163.8,165.3 1 0
rpcsol/main.go:166.2,178.57 7 0
rpcsol/main.go:181.69,184.16 2 0
rpcsol/main.go:184.16,188.3 3 0
rpcsol/main.go:189.2,197.16 6 0
rpcsol/main.go:197.16,200.3 2 0
rpcsol/main.go:201.2,207.16 5 0
rpcsol/main.go:207.16,209.3 1 0
rpcsol/main.go:209.8,211.3 1 0
rpcsol/main.go:212.2,243.16 17 0
rpcsol/main.go:243.16,245.3 1 0
rpcsol/main.go:245.8,251.40 5 0
rpcsol/main.go:251.40,254.4 2 0
rpcsol/main.go:256.2,259.19 2 0
rpcsol/main.go:259.19,262.17 3 0
rpcsol/main.go:262.17,264.4 1 0
rpcsol/main.go:264.9,273.4 8 0
rpcsol/main.go:274.3,279.17 4 0
rpcsol/main.go:279.17,281.4 1 0
rpcsol/main.go:281.9,283.4 1 0
rpcsol/main.go:284.3,287.18 2 0
rpcsol/main.go:287.18,290.18 3 0
rpcsol/main.go:290.18,292.5 1 0
rpcsol/main.go:292.10,298.42 5 0
rpcsol/main.go:298.42,303.32 3 0
rpcsol/main.go:303.32,306.7 2 0
rpcsol/main.go:309.4,309.17 1 0
rpcsol/main.go:313.2,321.35 9 0
rpcsol/main.go:324.45,325.14 1 0
rpcsol/main.go:326.32,327.24 1 0
rpcsol/main.go:328.31,329.23 1 0
rpcsol/main.go:330.32,331.24 1 0
rpcsol/main.go:332.10,333.19 1 0
rpcsol/main.go:338.38,342.2 3 0
rpcsol/main.go:345.102,346.26 1 0
rpcsol/main.go:346.26,348.17 2 0
rpcsol/main.go:348.17,350.4 1 0
rpcsol/main.go:354.2,354.67 1 0
